<?xml version="1.0" encoding="UTF-8"?>
<!-- Generated by org.testng.reporters.JUnitXMLReporter -->
<testsuite ignored="0" hostname="Jay" failures="1" tests="2" name="Search" time="6.64" errors="0" timestamp="24 May 2020 07:40:57 GMT">
  <testcase classname="endtoend.SearchUser" name="getUserSearch" time="2.915"/>
  <testcase classname="endtoend.SearchUser" name="getValidateUserName" time="0.074">
    <failure type="java.lang.AssertionError" message="expected [jaykate] but found [katejay]">
      <![CDATA[java.lang.AssertionError: expected [jaykate] but found [katejay]
at endtoend.SearchUser.getValidateUserName(SearchUser.java:51)
... Removed 31 stack frames]]>
    </failure>
  </testcase> <!-- getValidateUserName -->
</testsuite> <!-- Search -->
