<?xml version="1.0" encoding="UTF-8"?>
<!-- Generated by org.testng.reporters.JUnitXMLReporter -->
<testsuite ignored="0" hostname="Jay" failures="1" tests="2" name="Search" time="7.575" errors="0" timestamp="24 May 2020 08:17:38 GMT">
  <testcase classname="endtoend.SearchUser" name="getUserSearch" time="4.0"/>
  <testcase classname="endtoend.SearchUser" name="getValidateUserName" time="0.075">
    <failure type="java.lang.AssertionError" message="expected [jaykate] but found [katejay]">
      <![CDATA[java.lang.AssertionError: expected [jaykate] but found [katejay]
at endtoend.SearchUser.getValidateUserName(SearchUser.java:52)
... Removed 34 stack frames]]>
    </failure>
  </testcase> <!-- getValidateUserName -->
</testsuite> <!-- Search -->
